{"C:\\Users\\deept\\banking-api\\app.js": {"path":"C:\\Users\\deept\\banking-api\\app.js","statementMap":{"0":{"start":{"line":1,"column":13},"end":{"line":1,"column":33}},"1":{"start":{"line":3,"column":12},"end":{"line":18,"column":2}},"2":{"start":{"line":4,"column":4},"end":{"line":17,"column":5}},"3":{"start":{"line":5,"column":8},"end":{"line":7,"column":11}},"4":{"start":{"line":9,"column":8},"end":{"line":13,"column":12}},"5":{"start":{"line":15,"column":8},"end":{"line":15,"column":27}},"6":{"start":{"line":16,"column":8},"end":{"line":16,"column":51}},"7":{"start":{"line":20,"column":0},"end":{"line":20,"column":21}}},"fnMap":{"0":{"name":"(anonymous_0)","decl":{"start":{"line":3,"column":30},"end":{"line":3,"column":31}},"loc":{"start":{"line":3,"column":44},"end":{"line":18,"column":1}},"line":3}},"branchMap":{"0":{"loc":{"start":{"line":4,"column":4},"end":{"line":17,"column":5}},"type":"if","locations":[{"start":{"line":4,"column":4},"end":{"line":17,"column":5}},{"start":{"line":14,"column":11},"end":{"line":17,"column":5}}],"line":4}},"s":{"0":1,"1":1,"2":2,"3":1,"4":1,"5":1,"6":1,"7":1},"f":{"0":2},"b":{"0":[1,1]},"_coverageSchema":"1a1c01bbd47fc00a2c39e90264f33305004495a9","hash":"cf1629cb36a0e91a50043ed3216f67fe07e1d476"}
}
