{"C:\\Users\\deept\\banking-api\\app.js": {"path":"C:\\Users\\deept\\banking-api\\app.js","statementMap":{"0":{"start":{"line":1,"column":13},"end":{"line":1,"column":33}},"1":{"start":{"line":3,"column":13},"end":{"line":3,"column":17}},"2":{"start":{"line":5,"column":12},"end":{"line":24,"column":2}},"3":{"start":{"line":7,"column":4},"end":{"line":22,"column":5}},"4":{"start":{"line":8,"column":8},"end":{"line":10,"column":11}},"5":{"start":{"line":12,"column":8},"end":{"line":16,"column":12}},"6":{"start":{"line":20,"column":8},"end":{"line":20,"column":27}},"7":{"start":{"line":21,"column":8},"end":{"line":21,"column":51}},"8":{"start":{"line":26,"column":0},"end":{"line":37,"column":1}},"9":{"start":{"line":27,"column":4},"end":{"line":36,"column":7}},"10":{"start":{"line":28,"column":8},"end":{"line":28,"column":58}},"11":{"start":{"line":29,"column":8},"end":{"line":29,"column":47}},"12":{"start":{"line":30,"column":8},"end":{"line":30,"column":49}},"13":{"start":{"line":31,"column":8},"end":{"line":31,"column":39}},"14":{"start":{"line":32,"column":8},"end":{"line":32,"column":43}},"15":{"start":{"line":33,"column":8},"end":{"line":33,"column":45}},"16":{"start":{"line":34,"column":8},"end":{"line":34,"column":58}},"17":{"start":{"line":35,"column":8},"end":{"line":35,"column":54}},"18":{"start":{"line":39,"column":0},"end":{"line":39,"column":21}}},"fnMap":{"0":{"name":"(anonymous_0)","decl":{"start":{"line":5,"column":30},"end":{"line":5,"column":31}},"loc":{"start":{"line":5,"column":44},"end":{"line":24,"column":1}},"line":5},"1":{"name":"(anonymous_1)","decl":{"start":{"line":27,"column":21},"end":{"line":27,"column":22}},"loc":{"start":{"line":27,"column":27},"end":{"line":36,"column":5}},"line":27}},"branchMap":{"0":{"loc":{"start":{"line":7,"column":4},"end":{"line":22,"column":5}},"type":"if","locations":[{"start":{"line":7,"column":4},"end":{"line":22,"column":5}},{"start":{"line":18,"column":11},"end":{"line":22,"column":5}}],"line":7},"1":{"loc":{"start":{"line":26,"column":0},"end":{"line":37,"column":1}},"type":"if","locations":[{"start":{"line":26,"column":0},"end":{"line":37,"column":1}},{"start":{},"end":{}}],"line":26}},"s":{"0":1,"1":1,"2":1,"3":2,"4":1,"5":1,"6":1,"7":1,"8":1,"9":0,"10":0,"11":0,"12":0,"13":0,"14":0,"15":0,"16":0,"17":0,"18":1},"f":{"0":2,"1":0},"b":{"0":[1,1],"1":[0,1]},"_coverageSchema":"1a1c01bbd47fc00a2c39e90264f33305004495a9","hash":"c28b0365bfd63553ab90c1cd88d94c4f4b8360c0"}
}
